{
  "nbformat": 4,
  "nbformat_minor": 0,
  "metadata": {
    "colab": {
      "provenance": [],
      "gpuType": "T4",
      "authorship_tag": "ABX9TyNwKvHBIio2JkqnBDX9/Pec",
      "include_colab_link": true
    },
    "kernelspec": {
      "name": "python3",
      "display_name": "Python 3"
    },
    "language_info": {
      "name": "python"
    },
    "accelerator": "GPU"
  },
  "cells": [
    {
      "cell_type": "markdown",
      "metadata": {
        "id": "view-in-github",
        "colab_type": "text"
      },
      "source": [
        "<a href=\"https://colab.research.google.com/github/sqbitegh/Colabs/blob/main/ColabServer1.ipynb\" target=\"_parent\"><img src=\"https://colab.research.google.com/assets/colab-badge.svg\" alt=\"Open In Colab\"/></a>"
      ]
    },
    {
      "cell_type": "code",
      "source": [
        "#script works on T4 only"
      ],
      "metadata": {
        "id": "WFQzVGTsdNPT"
      },
      "execution_count": null,
      "outputs": []
    },
    {
      "cell_type": "code",
      "execution_count": 6,
      "metadata": {
        "id": "b0hg31KrSPyI",
        "colab": {
          "base_uri": "https://localhost:8080/"
        },
        "outputId": "e433eed7-ff5c-46f3-a7a0-e4c5f7096f91"
      },
      "outputs": [
        {
          "output_type": "stream",
          "name": "stdout",
          "text": [
            "Collecting flask-ngrok\n",
            "  Downloading flask_ngrok-0.0.25-py3-none-any.whl.metadata (1.8 kB)\n",
            "Requirement already satisfied: Flask>=0.8 in /usr/local/lib/python3.11/dist-packages (from flask-ngrok) (3.1.0)\n",
            "Requirement already satisfied: requests in /usr/local/lib/python3.11/dist-packages (from flask-ngrok) (2.32.3)\n",
            "Requirement already satisfied: Werkzeug>=3.1 in /usr/local/lib/python3.11/dist-packages (from Flask>=0.8->flask-ngrok) (3.1.3)\n",
            "Requirement already satisfied: Jinja2>=3.1.2 in /usr/local/lib/python3.11/dist-packages (from Flask>=0.8->flask-ngrok) (3.1.5)\n",
            "Requirement already satisfied: itsdangerous>=2.2 in /usr/local/lib/python3.11/dist-packages (from Flask>=0.8->flask-ngrok) (2.2.0)\n",
            "Requirement already satisfied: click>=8.1.3 in /usr/local/lib/python3.11/dist-packages (from Flask>=0.8->flask-ngrok) (8.1.8)\n",
            "Requirement already satisfied: blinker>=1.9 in /usr/local/lib/python3.11/dist-packages (from Flask>=0.8->flask-ngrok) (1.9.0)\n",
            "Requirement already satisfied: charset-normalizer<4,>=2 in /usr/local/lib/python3.11/dist-packages (from requests->flask-ngrok) (3.4.1)\n",
            "Requirement already satisfied: idna<4,>=2.5 in /usr/local/lib/python3.11/dist-packages (from requests->flask-ngrok) (3.10)\n",
            "Requirement already satisfied: urllib3<3,>=1.21.1 in /usr/local/lib/python3.11/dist-packages (from requests->flask-ngrok) (2.3.0)\n",
            "Requirement already satisfied: certifi>=2017.4.17 in /usr/local/lib/python3.11/dist-packages (from requests->flask-ngrok) (2024.12.14)\n",
            "Requirement already satisfied: MarkupSafe>=2.0 in /usr/local/lib/python3.11/dist-packages (from Jinja2>=3.1.2->Flask>=0.8->flask-ngrok) (3.0.2)\n",
            "Downloading flask_ngrok-0.0.25-py3-none-any.whl (3.1 kB)\n",
            "Installing collected packages: flask-ngrok\n",
            "Successfully installed flask-ngrok-0.0.25\n",
            "Requirement already satisfied: flask in /usr/local/lib/python3.11/dist-packages (3.1.0)\n",
            "Requirement already satisfied: Werkzeug>=3.1 in /usr/local/lib/python3.11/dist-packages (from flask) (3.1.3)\n",
            "Requirement already satisfied: Jinja2>=3.1.2 in /usr/local/lib/python3.11/dist-packages (from flask) (3.1.5)\n",
            "Requirement already satisfied: itsdangerous>=2.2 in /usr/local/lib/python3.11/dist-packages (from flask) (2.2.0)\n",
            "Requirement already satisfied: click>=8.1.3 in /usr/local/lib/python3.11/dist-packages (from flask) (8.1.8)\n",
            "Requirement already satisfied: blinker>=1.9 in /usr/local/lib/python3.11/dist-packages (from flask) (1.9.0)\n",
            "Requirement already satisfied: MarkupSafe>=2.0 in /usr/local/lib/python3.11/dist-packages (from Jinja2>=3.1.2->flask) (3.0.2)\n"
          ]
        }
      ],
      "source": [
        "!pip install flask-ngrok\n",
        "!pip install flask\n",
        "#apparently not needed"
      ]
    },
    {
      "cell_type": "code",
      "source": [
        "#!pip install pyngrok==4.1.1\n",
        "!pip install pyngrok\n"
      ],
      "metadata": {
        "colab": {
          "base_uri": "https://localhost:8080/"
        },
        "id": "Az0aYC1-ZAO_",
        "outputId": "f0947835-9891-432e-e10c-d7219d9207eb"
      },
      "execution_count": 9,
      "outputs": [
        {
          "output_type": "stream",
          "name": "stdout",
          "text": [
            "Requirement already satisfied: pyngrok in /usr/local/lib/python3.11/dist-packages (7.2.3)\n",
            "Requirement already satisfied: PyYAML>=5.1 in /usr/local/lib/python3.11/dist-packages (from pyngrok) (6.0.2)\n"
          ]
        }
      ]
    },
    {
      "cell_type": "code",
      "source": [
        "\n",
        "\n",
        "from pyngrok import ngrok\n",
        "from flask import Flask, request, Response\n",
        "\n",
        "# token got to https://dashboard.ngrok.com/get-started/your-authtoken\n",
        "ngrok_token = \"yyyyy\"\n",
        "\n",
        "port = 5000\n",
        "ngrok.set_auth_token(ngrok_token)\n",
        "\n",
        "app = Flask(__name__)\n",
        "\n",
        "@app.route(\"/\")\n",
        "def root():\n",
        "  return \"Hello world colab pyngrok!\"\n",
        "\n",
        "@app.route(\"/req1\", methods=['POST'])\n",
        "def req1():\n",
        "    if 'video' not in request.files or 'text' not in request.form:\n",
        "        return \"Missing video or text data\", 400\n",
        "\n",
        "    video_file = request.files['video']\n",
        "    text_data = request.form['text']\n",
        "\n",
        "    # Print the received data\n",
        "    print(f\"Received text data: {text_data}\")\n",
        "    print(f\"Received video file: {video_file.filename}\")\n",
        "\n",
        "    # You can process the video file here, e.g., save it to disk\n",
        "    video_file.save(\"sample_data/\"+video_file.filename)\n",
        "\n",
        "    # Display the video in the notebook (not possible with ngrok)\n",
        "    # display(HTML(f'<video controls><source src=\"data:video/mp4;base64,{base64.b64encode(video_file.read()).decode()}\" type=\"video/mp4\"></video>'))\n",
        "\n",
        "    # Send the text data back as response\n",
        "    return \"Response to: \" + text_data\n",
        "\n",
        "\n",
        "\n",
        "\n",
        "if __name__ == \"__main__\":\n",
        "  try:\n",
        "    app.logger.info('Hello from Flask logger!')\n",
        "    public_url = ngrok.connect(port).public_url\n",
        "    print(public_url)\n",
        "    app.logger.info(public_url)\n",
        "    app.run(port=port)\n",
        "  finally:\n",
        "    ngrok.disconnect(public_url=public_url)\n",
        "\n"
      ],
      "metadata": {
        "colab": {
          "base_uri": "https://localhost:8080/",
          "height": 688
        },
        "id": "F_0qD0i7TRj3",
        "outputId": "d5d66c6b-ee41-4965-d6b8-badc978ed380"
      },
      "execution_count": 10,
      "outputs": [
        {
          "output_type": "stream",
          "name": "stdout",
          "text": [
            "https://0bbf-35-227-96-102.ngrok-free.app\n",
            " * Serving Flask app '__main__'\n",
            " * Debug mode: off\n"
          ]
        },
        {
          "output_type": "stream",
          "name": "stderr",
          "text": [
            "INFO:werkzeug:\u001b[31m\u001b[1mWARNING: This is a development server. Do not use it in a production deployment. Use a production WSGI server instead.\u001b[0m\n",
            " * Running on http://127.0.0.1:5000\n",
            "INFO:werkzeug:\u001b[33mPress CTRL+C to quit\u001b[0m\n"
          ]
        },
        {
          "output_type": "error",
          "ename": "PyngrokNgrokURLError",
          "evalue": "ngrok client exception, URLError: [Errno 111] Connection refused",
          "traceback": [
            "\u001b[0;31m---------------------------------------------------------------------------\u001b[0m",
            "\u001b[0;31mConnectionRefusedError\u001b[0m                    Traceback (most recent call last)",
            "\u001b[0;32m/usr/lib/python3.11/urllib/request.py\u001b[0m in \u001b[0;36mdo_open\u001b[0;34m(self, http_class, req, **http_conn_args)\u001b[0m\n\u001b[1;32m   1347\u001b[0m             \u001b[0;32mtry\u001b[0m\u001b[0;34m:\u001b[0m\u001b[0;34m\u001b[0m\u001b[0;34m\u001b[0m\u001b[0m\n\u001b[0;32m-> 1348\u001b[0;31m                 h.request(req.get_method(), req.selector, req.data, headers,\n\u001b[0m\u001b[1;32m   1349\u001b[0m                           encode_chunked=req.has_header('Transfer-encoding'))\n",
            "\u001b[0;32m/usr/lib/python3.11/http/client.py\u001b[0m in \u001b[0;36mrequest\u001b[0;34m(self, method, url, body, headers, encode_chunked)\u001b[0m\n\u001b[1;32m   1302\u001b[0m         \u001b[0;34m\"\"\"Send a complete request to the server.\"\"\"\u001b[0m\u001b[0;34m\u001b[0m\u001b[0;34m\u001b[0m\u001b[0m\n\u001b[0;32m-> 1303\u001b[0;31m         \u001b[0mself\u001b[0m\u001b[0;34m.\u001b[0m\u001b[0m_send_request\u001b[0m\u001b[0;34m(\u001b[0m\u001b[0mmethod\u001b[0m\u001b[0;34m,\u001b[0m \u001b[0murl\u001b[0m\u001b[0;34m,\u001b[0m \u001b[0mbody\u001b[0m\u001b[0;34m,\u001b[0m \u001b[0mheaders\u001b[0m\u001b[0;34m,\u001b[0m \u001b[0mencode_chunked\u001b[0m\u001b[0;34m)\u001b[0m\u001b[0;34m\u001b[0m\u001b[0;34m\u001b[0m\u001b[0m\n\u001b[0m\u001b[1;32m   1304\u001b[0m \u001b[0;34m\u001b[0m\u001b[0m\n",
            "\u001b[0;32m/usr/lib/python3.11/http/client.py\u001b[0m in \u001b[0;36m_send_request\u001b[0;34m(self, method, url, body, headers, encode_chunked)\u001b[0m\n\u001b[1;32m   1348\u001b[0m             \u001b[0mbody\u001b[0m \u001b[0;34m=\u001b[0m \u001b[0m_encode\u001b[0m\u001b[0;34m(\u001b[0m\u001b[0mbody\u001b[0m\u001b[0;34m,\u001b[0m \u001b[0;34m'body'\u001b[0m\u001b[0;34m)\u001b[0m\u001b[0;34m\u001b[0m\u001b[0;34m\u001b[0m\u001b[0m\n\u001b[0;32m-> 1349\u001b[0;31m         \u001b[0mself\u001b[0m\u001b[0;34m.\u001b[0m\u001b[0mendheaders\u001b[0m\u001b[0;34m(\u001b[0m\u001b[0mbody\u001b[0m\u001b[0;34m,\u001b[0m \u001b[0mencode_chunked\u001b[0m\u001b[0;34m=\u001b[0m\u001b[0mencode_chunked\u001b[0m\u001b[0;34m)\u001b[0m\u001b[0;34m\u001b[0m\u001b[0;34m\u001b[0m\u001b[0m\n\u001b[0m\u001b[1;32m   1350\u001b[0m \u001b[0;34m\u001b[0m\u001b[0m\n",
            "\u001b[0;32m/usr/lib/python3.11/http/client.py\u001b[0m in \u001b[0;36mendheaders\u001b[0;34m(self, message_body, encode_chunked)\u001b[0m\n\u001b[1;32m   1297\u001b[0m             \u001b[0;32mraise\u001b[0m \u001b[0mCannotSendHeader\u001b[0m\u001b[0;34m(\u001b[0m\u001b[0;34m)\u001b[0m\u001b[0;34m\u001b[0m\u001b[0;34m\u001b[0m\u001b[0m\n\u001b[0;32m-> 1298\u001b[0;31m         \u001b[0mself\u001b[0m\u001b[0;34m.\u001b[0m\u001b[0m_send_output\u001b[0m\u001b[0;34m(\u001b[0m\u001b[0mmessage_body\u001b[0m\u001b[0;34m,\u001b[0m \u001b[0mencode_chunked\u001b[0m\u001b[0;34m=\u001b[0m\u001b[0mencode_chunked\u001b[0m\u001b[0;34m)\u001b[0m\u001b[0;34m\u001b[0m\u001b[0;34m\u001b[0m\u001b[0m\n\u001b[0m\u001b[1;32m   1299\u001b[0m \u001b[0;34m\u001b[0m\u001b[0m\n",
            "\u001b[0;32m/usr/lib/python3.11/http/client.py\u001b[0m in \u001b[0;36m_send_output\u001b[0;34m(self, message_body, encode_chunked)\u001b[0m\n\u001b[1;32m   1057\u001b[0m         \u001b[0;32mdel\u001b[0m \u001b[0mself\u001b[0m\u001b[0;34m.\u001b[0m\u001b[0m_buffer\u001b[0m\u001b[0;34m[\u001b[0m\u001b[0;34m:\u001b[0m\u001b[0;34m]\u001b[0m\u001b[0;34m\u001b[0m\u001b[0;34m\u001b[0m\u001b[0m\n\u001b[0;32m-> 1058\u001b[0;31m         \u001b[0mself\u001b[0m\u001b[0;34m.\u001b[0m\u001b[0msend\u001b[0m\u001b[0;34m(\u001b[0m\u001b[0mmsg\u001b[0m\u001b[0;34m)\u001b[0m\u001b[0;34m\u001b[0m\u001b[0;34m\u001b[0m\u001b[0m\n\u001b[0m\u001b[1;32m   1059\u001b[0m \u001b[0;34m\u001b[0m\u001b[0m\n",
            "\u001b[0;32m/usr/lib/python3.11/http/client.py\u001b[0m in \u001b[0;36msend\u001b[0;34m(self, data)\u001b[0m\n\u001b[1;32m    995\u001b[0m             \u001b[0;32mif\u001b[0m \u001b[0mself\u001b[0m\u001b[0;34m.\u001b[0m\u001b[0mauto_open\u001b[0m\u001b[0;34m:\u001b[0m\u001b[0;34m\u001b[0m\u001b[0;34m\u001b[0m\u001b[0m\n\u001b[0;32m--> 996\u001b[0;31m                 \u001b[0mself\u001b[0m\u001b[0;34m.\u001b[0m\u001b[0mconnect\u001b[0m\u001b[0;34m(\u001b[0m\u001b[0;34m)\u001b[0m\u001b[0;34m\u001b[0m\u001b[0;34m\u001b[0m\u001b[0m\n\u001b[0m\u001b[1;32m    997\u001b[0m             \u001b[0;32melse\u001b[0m\u001b[0;34m:\u001b[0m\u001b[0;34m\u001b[0m\u001b[0;34m\u001b[0m\u001b[0m\n",
            "\u001b[0;32m/usr/lib/python3.11/http/client.py\u001b[0m in \u001b[0;36mconnect\u001b[0;34m(self)\u001b[0m\n\u001b[1;32m    961\u001b[0m         \u001b[0msys\u001b[0m\u001b[0;34m.\u001b[0m\u001b[0maudit\u001b[0m\u001b[0;34m(\u001b[0m\u001b[0;34m\"http.client.connect\"\u001b[0m\u001b[0;34m,\u001b[0m \u001b[0mself\u001b[0m\u001b[0;34m,\u001b[0m \u001b[0mself\u001b[0m\u001b[0;34m.\u001b[0m\u001b[0mhost\u001b[0m\u001b[0;34m,\u001b[0m \u001b[0mself\u001b[0m\u001b[0;34m.\u001b[0m\u001b[0mport\u001b[0m\u001b[0;34m)\u001b[0m\u001b[0;34m\u001b[0m\u001b[0;34m\u001b[0m\u001b[0m\n\u001b[0;32m--> 962\u001b[0;31m         self.sock = self._create_connection(\n\u001b[0m\u001b[1;32m    963\u001b[0m             (self.host,self.port), self.timeout, self.source_address)\n",
            "\u001b[0;32m/usr/lib/python3.11/socket.py\u001b[0m in \u001b[0;36mcreate_connection\u001b[0;34m(address, timeout, source_address, all_errors)\u001b[0m\n\u001b[1;32m    862\u001b[0m             \u001b[0;32mif\u001b[0m \u001b[0;32mnot\u001b[0m \u001b[0mall_errors\u001b[0m\u001b[0;34m:\u001b[0m\u001b[0;34m\u001b[0m\u001b[0;34m\u001b[0m\u001b[0m\n\u001b[0;32m--> 863\u001b[0;31m                 \u001b[0;32mraise\u001b[0m \u001b[0mexceptions\u001b[0m\u001b[0;34m[\u001b[0m\u001b[0;36m0\u001b[0m\u001b[0;34m]\u001b[0m\u001b[0;34m\u001b[0m\u001b[0;34m\u001b[0m\u001b[0m\n\u001b[0m\u001b[1;32m    864\u001b[0m             \u001b[0;32mraise\u001b[0m \u001b[0mExceptionGroup\u001b[0m\u001b[0;34m(\u001b[0m\u001b[0;34m\"create_connection failed\"\u001b[0m\u001b[0;34m,\u001b[0m \u001b[0mexceptions\u001b[0m\u001b[0;34m)\u001b[0m\u001b[0;34m\u001b[0m\u001b[0;34m\u001b[0m\u001b[0m\n",
            "\u001b[0;32m/usr/lib/python3.11/socket.py\u001b[0m in \u001b[0;36mcreate_connection\u001b[0;34m(address, timeout, source_address, all_errors)\u001b[0m\n\u001b[1;32m    847\u001b[0m                 \u001b[0msock\u001b[0m\u001b[0;34m.\u001b[0m\u001b[0mbind\u001b[0m\u001b[0;34m(\u001b[0m\u001b[0msource_address\u001b[0m\u001b[0;34m)\u001b[0m\u001b[0;34m\u001b[0m\u001b[0;34m\u001b[0m\u001b[0m\n\u001b[0;32m--> 848\u001b[0;31m             \u001b[0msock\u001b[0m\u001b[0;34m.\u001b[0m\u001b[0mconnect\u001b[0m\u001b[0;34m(\u001b[0m\u001b[0msa\u001b[0m\u001b[0;34m)\u001b[0m\u001b[0;34m\u001b[0m\u001b[0;34m\u001b[0m\u001b[0m\n\u001b[0m\u001b[1;32m    849\u001b[0m             \u001b[0;31m# Break explicitly a reference cycle\u001b[0m\u001b[0;34m\u001b[0m\u001b[0;34m\u001b[0m\u001b[0m\n",
            "\u001b[0;31mConnectionRefusedError\u001b[0m: [Errno 111] Connection refused",
            "\nDuring handling of the above exception, another exception occurred:\n",
            "\u001b[0;31mURLError\u001b[0m                                  Traceback (most recent call last)",
            "\u001b[0;32m/usr/local/lib/python3.11/dist-packages/pyngrok/ngrok.py\u001b[0m in \u001b[0;36mapi_request\u001b[0;34m(url, method, data, params, timeout, auth)\u001b[0m\n\u001b[1;32m    556\u001b[0m     \u001b[0;32mtry\u001b[0m\u001b[0;34m:\u001b[0m\u001b[0;34m\u001b[0m\u001b[0;34m\u001b[0m\u001b[0m\n\u001b[0;32m--> 557\u001b[0;31m         \u001b[0mresponse\u001b[0m \u001b[0;34m=\u001b[0m \u001b[0murlopen\u001b[0m\u001b[0;34m(\u001b[0m\u001b[0mrequest\u001b[0m\u001b[0;34m,\u001b[0m \u001b[0mencoded_data\u001b[0m\u001b[0;34m,\u001b[0m \u001b[0mtimeout\u001b[0m\u001b[0;34m)\u001b[0m\u001b[0;34m\u001b[0m\u001b[0;34m\u001b[0m\u001b[0m\n\u001b[0m\u001b[1;32m    558\u001b[0m         \u001b[0mresponse_data\u001b[0m \u001b[0;34m=\u001b[0m \u001b[0mresponse\u001b[0m\u001b[0;34m.\u001b[0m\u001b[0mread\u001b[0m\u001b[0;34m(\u001b[0m\u001b[0;34m)\u001b[0m\u001b[0;34m.\u001b[0m\u001b[0mdecode\u001b[0m\u001b[0;34m(\u001b[0m\u001b[0;34m\"utf-8\"\u001b[0m\u001b[0;34m)\u001b[0m\u001b[0;34m\u001b[0m\u001b[0;34m\u001b[0m\u001b[0m\n",
            "\u001b[0;32m/usr/lib/python3.11/urllib/request.py\u001b[0m in \u001b[0;36murlopen\u001b[0;34m(url, data, timeout, cafile, capath, cadefault, context)\u001b[0m\n\u001b[1;32m    215\u001b[0m         \u001b[0mopener\u001b[0m \u001b[0;34m=\u001b[0m \u001b[0m_opener\u001b[0m\u001b[0;34m\u001b[0m\u001b[0;34m\u001b[0m\u001b[0m\n\u001b[0;32m--> 216\u001b[0;31m     \u001b[0;32mreturn\u001b[0m \u001b[0mopener\u001b[0m\u001b[0;34m.\u001b[0m\u001b[0mopen\u001b[0m\u001b[0;34m(\u001b[0m\u001b[0murl\u001b[0m\u001b[0;34m,\u001b[0m \u001b[0mdata\u001b[0m\u001b[0;34m,\u001b[0m \u001b[0mtimeout\u001b[0m\u001b[0;34m)\u001b[0m\u001b[0;34m\u001b[0m\u001b[0;34m\u001b[0m\u001b[0m\n\u001b[0m\u001b[1;32m    217\u001b[0m \u001b[0;34m\u001b[0m\u001b[0m\n",
            "\u001b[0;32m/usr/lib/python3.11/urllib/request.py\u001b[0m in \u001b[0;36mopen\u001b[0;34m(self, fullurl, data, timeout)\u001b[0m\n\u001b[1;32m    518\u001b[0m         \u001b[0msys\u001b[0m\u001b[0;34m.\u001b[0m\u001b[0maudit\u001b[0m\u001b[0;34m(\u001b[0m\u001b[0;34m'urllib.Request'\u001b[0m\u001b[0;34m,\u001b[0m \u001b[0mreq\u001b[0m\u001b[0;34m.\u001b[0m\u001b[0mfull_url\u001b[0m\u001b[0;34m,\u001b[0m \u001b[0mreq\u001b[0m\u001b[0;34m.\u001b[0m\u001b[0mdata\u001b[0m\u001b[0;34m,\u001b[0m \u001b[0mreq\u001b[0m\u001b[0;34m.\u001b[0m\u001b[0mheaders\u001b[0m\u001b[0;34m,\u001b[0m \u001b[0mreq\u001b[0m\u001b[0;34m.\u001b[0m\u001b[0mget_method\u001b[0m\u001b[0;34m(\u001b[0m\u001b[0;34m)\u001b[0m\u001b[0;34m)\u001b[0m\u001b[0;34m\u001b[0m\u001b[0;34m\u001b[0m\u001b[0m\n\u001b[0;32m--> 519\u001b[0;31m         \u001b[0mresponse\u001b[0m \u001b[0;34m=\u001b[0m \u001b[0mself\u001b[0m\u001b[0;34m.\u001b[0m\u001b[0m_open\u001b[0m\u001b[0;34m(\u001b[0m\u001b[0mreq\u001b[0m\u001b[0;34m,\u001b[0m \u001b[0mdata\u001b[0m\u001b[0;34m)\u001b[0m\u001b[0;34m\u001b[0m\u001b[0;34m\u001b[0m\u001b[0m\n\u001b[0m\u001b[1;32m    520\u001b[0m \u001b[0;34m\u001b[0m\u001b[0m\n",
            "\u001b[0;32m/usr/lib/python3.11/urllib/request.py\u001b[0m in \u001b[0;36m_open\u001b[0;34m(self, req, data)\u001b[0m\n\u001b[1;32m    535\u001b[0m         \u001b[0mprotocol\u001b[0m \u001b[0;34m=\u001b[0m \u001b[0mreq\u001b[0m\u001b[0;34m.\u001b[0m\u001b[0mtype\u001b[0m\u001b[0;34m\u001b[0m\u001b[0;34m\u001b[0m\u001b[0m\n\u001b[0;32m--> 536\u001b[0;31m         result = self._call_chain(self.handle_open, protocol, protocol +\n\u001b[0m\u001b[1;32m    537\u001b[0m                                   '_open', req)\n",
            "\u001b[0;32m/usr/lib/python3.11/urllib/request.py\u001b[0m in \u001b[0;36m_call_chain\u001b[0;34m(self, chain, kind, meth_name, *args)\u001b[0m\n\u001b[1;32m    495\u001b[0m             \u001b[0mfunc\u001b[0m \u001b[0;34m=\u001b[0m \u001b[0mgetattr\u001b[0m\u001b[0;34m(\u001b[0m\u001b[0mhandler\u001b[0m\u001b[0;34m,\u001b[0m \u001b[0mmeth_name\u001b[0m\u001b[0;34m)\u001b[0m\u001b[0;34m\u001b[0m\u001b[0;34m\u001b[0m\u001b[0m\n\u001b[0;32m--> 496\u001b[0;31m             \u001b[0mresult\u001b[0m \u001b[0;34m=\u001b[0m \u001b[0mfunc\u001b[0m\u001b[0;34m(\u001b[0m\u001b[0;34m*\u001b[0m\u001b[0margs\u001b[0m\u001b[0;34m)\u001b[0m\u001b[0;34m\u001b[0m\u001b[0;34m\u001b[0m\u001b[0m\n\u001b[0m\u001b[1;32m    497\u001b[0m             \u001b[0;32mif\u001b[0m \u001b[0mresult\u001b[0m \u001b[0;32mis\u001b[0m \u001b[0;32mnot\u001b[0m \u001b[0;32mNone\u001b[0m\u001b[0;34m:\u001b[0m\u001b[0;34m\u001b[0m\u001b[0;34m\u001b[0m\u001b[0m\n",
            "\u001b[0;32m/usr/lib/python3.11/urllib/request.py\u001b[0m in \u001b[0;36mhttp_open\u001b[0;34m(self, req)\u001b[0m\n\u001b[1;32m   1376\u001b[0m     \u001b[0;32mdef\u001b[0m \u001b[0mhttp_open\u001b[0m\u001b[0;34m(\u001b[0m\u001b[0mself\u001b[0m\u001b[0;34m,\u001b[0m \u001b[0mreq\u001b[0m\u001b[0;34m)\u001b[0m\u001b[0;34m:\u001b[0m\u001b[0;34m\u001b[0m\u001b[0;34m\u001b[0m\u001b[0m\n\u001b[0;32m-> 1377\u001b[0;31m         \u001b[0;32mreturn\u001b[0m \u001b[0mself\u001b[0m\u001b[0;34m.\u001b[0m\u001b[0mdo_open\u001b[0m\u001b[0;34m(\u001b[0m\u001b[0mhttp\u001b[0m\u001b[0;34m.\u001b[0m\u001b[0mclient\u001b[0m\u001b[0;34m.\u001b[0m\u001b[0mHTTPConnection\u001b[0m\u001b[0;34m,\u001b[0m \u001b[0mreq\u001b[0m\u001b[0;34m)\u001b[0m\u001b[0;34m\u001b[0m\u001b[0;34m\u001b[0m\u001b[0m\n\u001b[0m\u001b[1;32m   1378\u001b[0m \u001b[0;34m\u001b[0m\u001b[0m\n",
            "\u001b[0;32m/usr/lib/python3.11/urllib/request.py\u001b[0m in \u001b[0;36mdo_open\u001b[0;34m(self, http_class, req, **http_conn_args)\u001b[0m\n\u001b[1;32m   1350\u001b[0m             \u001b[0;32mexcept\u001b[0m \u001b[0mOSError\u001b[0m \u001b[0;32mas\u001b[0m \u001b[0merr\u001b[0m\u001b[0;34m:\u001b[0m \u001b[0;31m# timeout error\u001b[0m\u001b[0;34m\u001b[0m\u001b[0;34m\u001b[0m\u001b[0m\n\u001b[0;32m-> 1351\u001b[0;31m                 \u001b[0;32mraise\u001b[0m \u001b[0mURLError\u001b[0m\u001b[0;34m(\u001b[0m\u001b[0merr\u001b[0m\u001b[0;34m)\u001b[0m\u001b[0;34m\u001b[0m\u001b[0;34m\u001b[0m\u001b[0m\n\u001b[0m\u001b[1;32m   1352\u001b[0m             \u001b[0mr\u001b[0m \u001b[0;34m=\u001b[0m \u001b[0mh\u001b[0m\u001b[0;34m.\u001b[0m\u001b[0mgetresponse\u001b[0m\u001b[0;34m(\u001b[0m\u001b[0;34m)\u001b[0m\u001b[0;34m\u001b[0m\u001b[0;34m\u001b[0m\u001b[0m\n",
            "\u001b[0;31mURLError\u001b[0m: <urlopen error [Errno 111] Connection refused>",
            "\nDuring handling of the above exception, another exception occurred:\n",
            "\u001b[0;31mPyngrokNgrokURLError\u001b[0m                      Traceback (most recent call last)",
            "\u001b[0;32m<ipython-input-10-65cf8c0d9178>\u001b[0m in \u001b[0;36m<cell line: 0>\u001b[0;34m()\u001b[0m\n\u001b[1;32m     45\u001b[0m     \u001b[0mapp\u001b[0m\u001b[0;34m.\u001b[0m\u001b[0mrun\u001b[0m\u001b[0;34m(\u001b[0m\u001b[0mport\u001b[0m\u001b[0;34m=\u001b[0m\u001b[0mport\u001b[0m\u001b[0;34m)\u001b[0m\u001b[0;34m\u001b[0m\u001b[0;34m\u001b[0m\u001b[0m\n\u001b[1;32m     46\u001b[0m   \u001b[0;32mfinally\u001b[0m\u001b[0;34m:\u001b[0m\u001b[0;34m\u001b[0m\u001b[0;34m\u001b[0m\u001b[0m\n\u001b[0;32m---> 47\u001b[0;31m     \u001b[0mngrok\u001b[0m\u001b[0;34m.\u001b[0m\u001b[0mdisconnect\u001b[0m\u001b[0;34m(\u001b[0m\u001b[0mpublic_url\u001b[0m\u001b[0;34m=\u001b[0m\u001b[0mpublic_url\u001b[0m\u001b[0;34m)\u001b[0m\u001b[0;34m\u001b[0m\u001b[0;34m\u001b[0m\u001b[0m\n\u001b[0m\u001b[1;32m     48\u001b[0m \u001b[0;34m\u001b[0m\u001b[0m\n",
            "\u001b[0;32m/usr/local/lib/python3.11/dist-packages/pyngrok/ngrok.py\u001b[0m in \u001b[0;36mdisconnect\u001b[0;34m(public_url, pyngrok_config)\u001b[0m\n\u001b[1;32m    402\u001b[0m     \u001b[0mlogger\u001b[0m\u001b[0;34m.\u001b[0m\u001b[0minfo\u001b[0m\u001b[0;34m(\u001b[0m\u001b[0;34mf\"Disconnecting tunnel: {tunnel.public_url}\"\u001b[0m\u001b[0;34m)\u001b[0m\u001b[0;34m\u001b[0m\u001b[0;34m\u001b[0m\u001b[0m\n\u001b[1;32m    403\u001b[0m \u001b[0;34m\u001b[0m\u001b[0m\n\u001b[0;32m--> 404\u001b[0;31m     api_request(f\"{api_url}{tunnel.uri}\", method=\"DELETE\",\n\u001b[0m\u001b[1;32m    405\u001b[0m                 timeout=pyngrok_config.request_timeout)\n\u001b[1;32m    406\u001b[0m \u001b[0;34m\u001b[0m\u001b[0m\n",
            "\u001b[0;32m/usr/local/lib/python3.11/dist-packages/pyngrok/ngrok.py\u001b[0m in \u001b[0;36mapi_request\u001b[0;34m(url, method, data, params, timeout, auth)\u001b[0m\n\u001b[1;32m    580\u001b[0m                                     status_code, e.reason, e.headers, response_data)\n\u001b[1;32m    581\u001b[0m     \u001b[0;32mexcept\u001b[0m \u001b[0mURLError\u001b[0m \u001b[0;32mas\u001b[0m \u001b[0me\u001b[0m\u001b[0;34m:\u001b[0m\u001b[0;34m\u001b[0m\u001b[0;34m\u001b[0m\u001b[0m\n\u001b[0;32m--> 582\u001b[0;31m         \u001b[0;32mraise\u001b[0m \u001b[0mPyngrokNgrokURLError\u001b[0m\u001b[0;34m(\u001b[0m\u001b[0;34mf\"ngrok client exception, URLError: {e.reason}\"\u001b[0m\u001b[0;34m,\u001b[0m \u001b[0me\u001b[0m\u001b[0;34m.\u001b[0m\u001b[0mreason\u001b[0m\u001b[0;34m)\u001b[0m\u001b[0;34m\u001b[0m\u001b[0;34m\u001b[0m\u001b[0m\n\u001b[0m\u001b[1;32m    583\u001b[0m \u001b[0;34m\u001b[0m\u001b[0m\n\u001b[1;32m    584\u001b[0m \u001b[0;34m\u001b[0m\u001b[0m\n",
            "\u001b[0;31mPyngrokNgrokURLError\u001b[0m: ngrok client exception, URLError: [Errno 111] Connection refused"
          ]
        }
      ]
    },
    {
      "cell_type": "code",
      "source": [
        "print(public_url)"
      ],
      "metadata": {
        "id": "1fABxvCwZqoe"
      },
      "execution_count": null,
      "outputs": []
    }
  ]
}
